#
# There is insufficient memory for the Java Runtime Environment to continue.
# Native memory allocation (malloc) failed to allocate 32744 bytes for ChunkPool::allocate
# Possible reasons:
#   The system is out of physical RAM or swap space
#   In 32 bit mode, the process size limit was hit
# Possible solutions:
#   Reduce memory load on the system
#   Increase physical memory or swap space
#   Check if swap backing store is full
#   Use 64 bit Java on a 64 bit OS
#   Decrease Java heap size (-Xmx/-Xms)
#   Decrease number of Java threads
#   Decrease Java thread stack sizes (-Xss)
#   Set larger code cache with -XX:ReservedCodeCacheSize=
# This output file may be truncated or incomplete.
#
#  Out of Memory Error (allocation.cpp:273), pid=7888, tid=0x0000000000002bc8
#
# JRE version: Java(TM) SE Runtime Environment (8.0_111-b14) (build 1.8.0_111-b14)
# Java VM: Java HotSpot(TM) 64-Bit Server VM (25.111-b14 mixed mode windows-amd64 compressed oops)
# Failed to write core dump. Minidumps are not enabled by default on client versions of Windows
#

---------------  T H R E A D  ---------------

Current thread (0x00000000171f3800):  JavaThread "C2 CompilerThread0" daemon [_thread_in_native, id=11208, stack(0x00000000189b0000,0x0000000018ab0000)]

Stack: [0x00000000189b0000,0x0000000018ab0000]
[error occurred during error reporting (printing stack bounds), id 0xc0000005]

Native frames: (J=compiled Java code, j=interpreted, Vv=VM code, C=native code)


Current CompileTask:
C2:  24032 3449       4       java.net.URLStreamHandler::equals (45 bytes)


---------------  P R O C E S S  ---------------

Java Threads: ( => current thread )
  0x000000001d51c800 JavaThread "HikariPool-1 housekeeper" daemon [_thread_blocked, id=8248, stack(0x0000000021390000,0x0000000021490000)]
  0x000000001d516000 JavaThread "task-1" [_thread_blocked, id=11028, stack(0x0000000020b90000,0x0000000020c90000)]
  0x000000001d518800 JavaThread "mysql-cj-abandoned-connection-cleanup" daemon [_thread_blocked, id=2720, stack(0x0000000020a90000,0x0000000020b90000)]
  0x000000001d517000 JavaThread "container-0" [_thread_blocked, id=11000, stack(0x000000001f8d0000,0x000000001f9d0000)]
  0x000000001d519000 JavaThread "Catalina-utility-2" [_thread_blocked, id=952, stack(0x000000001f7d0000,0x000000001f8d0000)]
  0x000000001d517800 JavaThread "Catalina-utility-1" [_thread_blocked, id=7872, stack(0x000000001a0b0000,0x000000001a1b0000)]
  0x0000000019913800 JavaThread "restartedMain" [_thread_blocked, id=1668, stack(0x0000000019fb0000,0x000000001a0b0000)]
  0x0000000018e15000 JavaThread "Thread-0" [_thread_blocked, id=5388, stack(0x0000000019eb0000,0x0000000019fb0000)]
  0x0000000018cd8800 JavaThread "Service Thread" daemon [_thread_blocked, id=11196, stack(0x00000000190b0000,0x00000000191b0000)]
  0x0000000017201000 JavaThread "C1 CompilerThread2" daemon [_thread_blocked, id=544, stack(0x0000000018bb0000,0x0000000018cb0000)]
  0x00000000171fd800 JavaThread "C2 CompilerThread1" daemon [_thread_blocked, id=10256, stack(0x0000000018ab0000,0x0000000018bb0000)]
=>0x00000000171f3800 JavaThread "C2 CompilerThread0" daemon [_thread_in_native, id=11208, stack(0x00000000189b0000,0x0000000018ab0000)]
  0x00000000171f1800 JavaThread "Attach Listener" daemon [_thread_blocked, id=3796, stack(0x00000000188b0000,0x00000000189b0000)]
  0x00000000171f0800 JavaThread "Signal Dispatcher" daemon [_thread_blocked, id=7764, stack(0x00000000187b0000,0x00000000188b0000)]
  0x00000000171d9000 JavaThread "Finalizer" daemon [_thread_blocked, id=8912, stack(0x0000000018450000,0x0000000018550000)]
  0x0000000002584000 JavaThread "Reference Handler" daemon [_thread_blocked, id=11152, stack(0x0000000018350000,0x0000000018450000)]
  0x0000000002494000 JavaThread "main" [_thread_blocked, id=10864, stack(0x00000000022d0000,0x00000000023d0000)]

Other Threads:
  0x00000000171b7000 VMThread [stack: 0x0000000018250000,0x0000000018350000] [id=6260]
  0x0000000018d0b000 WatcherThread [stack: 0x00000000191b0000,0x00000000192b0000] [id=11148]

VM state:at safepoint (normal execution)

VM Mutex/Monitor currently owned by a thread:  ([mutex/lock_event])
[0x0000000002490750] Threads_lock - owner thread: 0x00000000171b7000

Heap:
 PSYoungGen      total 272896K, used 55424K [0x00000000d5d00000, 0x00000000e8300000, 0x0000000100000000)
  eden space 262144K, 21% used [0x00000000d5d00000,0x00000000d93201b8,0x00000000e5d00000)
  from space 10752K, 0% used [0x00000000e5d00000,0x00000000e5d00000,0x00000000e6780000)
  to   space 11776K, 0% used [0x00000000e7780000,0x00000000e7780000,0x00000000e8300000)
 ParOldGen       total 81920K, used 14674K [0x0000000081600000, 0x0000000086600000, 0x00000000d5d00000)
  object space 81920K, 17% used [0x0000000081600000,0x0000000082454858,0x0000000086600000)
 Metaspace       used 41279K, capacity 43236K, committed 43608K, reserved 1087488K
  class space    used 5547K, capacity 5898K, committed 6016K, reserved 1048576K

Card table byte_map: [0x0000000011a50000,0x0000000011e50000] byte_map_base: 0x0000000011645000

Marking Bits: (ParMarkBitMap*) 0x0000000077f7a6c0
 Begin Bits: [0x0000000012500000, 0x00000000144a8000)
 End Bits:   [0x00000000144a8000, 0x0000000016450000)

Polling page: 0x0000000000ad0000

CodeCache: size=245760Kb used=10930Kb max_used=11016Kb free=234829Kb
 bounds [0x0000000002690000, 0x00000000031b0000, 0x0000000011690000]
 total_blobs=3523 nmethods=3053 adapters=382
 compilation: enabled

Compilation events (10 events):
Event: 23.492 Thread 0x00000000171fd800 nmethod 3446 0x0000000002854990 code [0x0000000002854ac0, 0x0000000002854b58]
Event: 23.573 Thread 0x0000000017201000 3447       1       org.hibernate.annotations.common.reflection.java.JavaReflectionManager::access$000 (5 bytes)
Event: 23.574 Thread 0x0000000017201000 nmethod 3447 0x00000000028546d0 code [0x0000000002854820, 0x0000000002854910]
Event: 23.574 Thread 0x0000000017201000 3448       3       org.hibernate.annotations.common.reflection.java.generics.IdentityTypeEnvironment::bind (2 bytes)
Event: 23.575 Thread 0x0000000017201000 nmethod 3448 0x0000000002ab1e10 code [0x0000000002ab1f60, 0x0000000002ab20b0]
Event: 23.605 Thread 0x00000000171f3800 3449       4       java.net.URLStreamHandler::equals (45 bytes)
Event: 23.612 Thread 0x00000000171fd800 3450       4       java.security.CodeSource::matchCerts (254 bytes)
Event: 23.613 Thread 0x00000000171fd800 nmethod 3450 0x00000000029589d0 code [0x0000000002958b20, 0x0000000002958c18]
Event: 23.614 Thread 0x00000000171fd800 3451       4       java.net.URLStreamHandler::sameFile (136 bytes)
Event: 23.619 Thread 0x0000000017201000 3452       3       org.springframework.core.annotation.AnnotationUtils::isCandidateClass (41 bytes)

GC Heap History (10 events):
Event: 3.173 GC heap before
{Heap before GC invocations=7 (full 0):
 PSYoungGen      total 141824K, used 116053K [0x00000000d5d00000, 0x00000000df000000, 0x0000000100000000)
  eden space 133120K, 82% used [0x00000000d5d00000,0x00000000dc8300d8,0x00000000ddf00000)
  from space 8704K, 72% used [0x00000000de780000,0x00000000deda5330,0x00000000df000000)
  to   space 8704K, 0% used [0x00000000ddf00000,0x00000000ddf00000,0x00000000de780000)
 ParOldGen       total 87552K, used 4599K [0x0000000081600000, 0x0000000086b80000, 0x00000000d5d00000)
  object space 87552K, 5% used [0x0000000081600000,0x0000000081a7dd90,0x0000000086b80000)
 Metaspace       used 20348K, capacity 21162K, committed 21248K, reserved 1067008K
  class space    used 2537K, capacity 2742K, committed 2816K, reserved 1048576K
Event: 3.186 GC heap after
Heap after GC invocations=7 (full 0):
 PSYoungGen      total 141824K, used 4183K [0x00000000d5d00000, 0x00000000e7200000, 0x0000000100000000)
  eden space 133120K, 0% used [0x00000000d5d00000,0x00000000d5d00000,0x00000000ddf00000)
  from space 8704K, 48% used [0x00000000ddf00000,0x00000000de315fa8,0x00000000de780000)
  to   space 8704K, 0% used [0x00000000e6980000,0x00000000e6980000,0x00000000e7200000)
 ParOldGen       total 87552K, used 6338K [0x0000000081600000, 0x0000000086b80000, 0x00000000d5d00000)
  object space 87552K, 7% used [0x0000000081600000,0x0000000081c30a68,0x0000000086b80000)
 Metaspace       used 20348K, capacity 21162K, committed 21248K, reserved 1067008K
  class space    used 2537K, capacity 2742K, committed 2816K, reserved 1048576K
}
Event: 3.186 GC heap before
{Heap before GC invocations=8 (full 1):
 PSYoungGen      total 141824K, used 4183K [0x00000000d5d00000, 0x00000000e7200000, 0x0000000100000000)
  eden space 133120K, 0% used [0x00000000d5d00000,0x00000000d5d00000,0x00000000ddf00000)
  from space 8704K, 48% used [0x00000000ddf00000,0x00000000de315fa8,0x00000000de780000)
  to   space 8704K, 0% used [0x00000000e6980000,0x00000000e6980000,0x00000000e7200000)
 ParOldGen       total 87552K, used 6338K [0x0000000081600000, 0x0000000086b80000, 0x00000000d5d00000)
  object space 87552K, 7% used [0x0000000081600000,0x0000000081c30a68,0x0000000086b80000)
 Metaspace       used 20348K, capacity 21162K, committed 21248K, reserved 1067008K
  class space    used 2537K, capacity 2742K, committed 2816K, reserved 1048576K
Event: 3.243 GC heap after
Heap after GC invocations=8 (full 1):
 PSYoungGen      total 141824K, used 0K [0x00000000d5d00000, 0x00000000e7200000, 0x0000000100000000)
  eden space 133120K, 0% used [0x00000000d5d00000,0x00000000d5d00000,0x00000000ddf00000)
  from space 8704K, 0% used [0x00000000ddf00000,0x00000000ddf00000,0x00000000de780000)
  to   space 8704K, 0% used [0x00000000e6980000,0x00000000e6980000,0x00000000e7200000)
 ParOldGen       total 54272K, used 5768K [0x0000000081600000, 0x0000000084b00000, 0x00000000d5d00000)
  object space 54272K, 10% used [0x0000000081600000,0x0000000081ba20c0,0x0000000084b00000)
 Metaspace       used 20346K, capacity 21156K, committed 21248K, reserved 1067008K
  class space    used 2537K, capacity 2741K, committed 2816K, reserved 1048576K
}
Event: 11.185 GC heap before
{Heap before GC invocations=9 (full 1):
 PSYoungGen      total 141824K, used 133120K [0x00000000d5d00000, 0x00000000e7200000, 0x0000000100000000)
  eden space 133120K, 100% used [0x00000000d5d00000,0x00000000ddf00000,0x00000000ddf00000)
  from space 8704K, 0% used [0x00000000ddf00000,0x00000000ddf00000,0x00000000de780000)
  to   space 8704K, 0% used [0x00000000e6980000,0x00000000e6980000,0x00000000e7200000)
 ParOldGen       total 54272K, used 5768K [0x0000000081600000, 0x0000000084b00000, 0x00000000d5d00000)
  object space 54272K, 10% used [0x0000000081600000,0x0000000081ba20c0,0x0000000084b00000)
 Metaspace       used 28175K, capacity 29850K, committed 30080K, reserved 1075200K
  class space    used 3610K, capacity 3916K, committed 3968K, reserved 1048576K
Event: 11.210 GC heap after
Heap after GC invocations=9 (full 1):
 PSYoungGen      total 218624K, used 8683K [0x00000000d5d00000, 0x00000000e7200000, 0x0000000100000000)
  eden space 209920K, 0% used [0x00000000d5d00000,0x00000000d5d00000,0x00000000e2a00000)
  from space 8704K, 99% used [0x00000000e6980000,0x00000000e71fac50,0x00000000e7200000)
  to   space 10752K, 0% used [0x00000000e5d00000,0x00000000e5d00000,0x00000000e6780000)
 ParOldGen       total 54272K, used 7375K [0x0000000081600000, 0x0000000084b00000, 0x00000000d5d00000)
  object space 54272K, 13% used [0x0000000081600000,0x0000000081d33ea0,0x0000000084b00000)
 Metaspace       used 28175K, capacity 29850K, committed 30080K, reserved 1075200K
  class space    used 3610K, capacity 3916K, committed 3968K, reserved 1048576K
}
Event: 13.594 GC heap before
{Heap before GC invocations=10 (full 1):
 PSYoungGen      total 218624K, used 86098K [0x00000000d5d00000, 0x00000000e7200000, 0x0000000100000000)
  eden space 209920K, 36% used [0x00000000d5d00000,0x00000000da899f08,0x00000000e2a00000)
  from space 8704K, 99% used [0x00000000e6980000,0x00000000e71fac50,0x00000000e7200000)
  to   space 10752K, 0% used [0x00000000e5d00000,0x00000000e5d00000,0x00000000e6780000)
 ParOldGen       total 54272K, used 7375K [0x0000000081600000, 0x0000000084b00000, 0x00000000d5d00000)
  object space 54272K, 13% used [0x0000000081600000,0x0000000081d33ea0,0x0000000084b00000)
 Metaspace       used 33333K, capacity 35272K, committed 35416K, reserved 1079296K
  class space    used 4356K, capacity 4710K, committed 4736K, reserved 1048576K
Event: 13.616 GC heap after
Heap after GC invocations=10 (full 1):
 PSYoungGen      total 272896K, used 9790K [0x00000000d5d00000, 0x00000000e8300000, 0x0000000100000000)
  eden space 262144K, 0% used [0x00000000d5d00000,0x00000000d5d00000,0x00000000e5d00000)
  from space 10752K, 91% used [0x00000000e5d00000,0x00000000e668fab0,0x00000000e6780000)
  to   space 11776K, 0% used [0x00000000e7780000,0x00000000e7780000,0x00000000e8300000)
 ParOldGen       total 54272K, used 7383K [0x0000000081600000, 0x0000000084b00000, 0x00000000d5d00000)
  object space 54272K, 13% used [0x0000000081600000,0x0000000081d35ea0,0x0000000084b00000)
 Metaspace       used 33333K, capacity 35272K, committed 35416K, reserved 1079296K
  class space    used 4356K, capacity 4710K, committed 4736K, reserved 1048576K
}
Event: 13.616 GC heap before
{Heap before GC invocations=11 (full 2):
 PSYoungGen      total 272896K, used 9790K [0x00000000d5d00000, 0x00000000e8300000, 0x0000000100000000)
  eden space 262144K, 0% used [0x00000000d5d00000,0x00000000d5d00000,0x00000000e5d00000)
  from space 10752K, 91% used [0x00000000e5d00000,0x00000000e668fab0,0x00000000e6780000)
  to   space 11776K, 0% used [0x00000000e7780000,0x00000000e7780000,0x00000000e8300000)
 ParOldGen       total 54272K, used 7383K [0x0000000081600000, 0x0000000084b00000, 0x00000000d5d00000)
  object space 54272K, 13% used [0x0000000081600000,0x0000000081d35ea0,0x0000000084b00000)
 Metaspace       used 33333K, capacity 35272K, committed 35416K, reserved 1079296K
  class space    used 4356K, capacity 4710K, committed 4736K, reserved 1048576K
Event: 13.723 GC heap after
Heap after GC invocations=11 (full 2):
 PSYoungGen      total 272896K, used 0K [0x00000000d5d00000, 0x00000000e8300000, 0x0000000100000000)
  eden space 262144K, 0% used [0x00000000d5d00000,0x00000000d5d00000,0x00000000e5d00000)
  from space 10752K, 0% used [0x00000000e5d00000,0x00000000e5d00000,0x00000000e6780000)
  to   space 11776K, 0% used [0x00000000e7780000,0x00000000e7780000,0x00000000e8300000)
 ParOldGen       total 81920K, used 14674K [0x0000000081600000, 0x0000000086600000, 0x00000000d5d00000)
  object space 81920K, 17% used [0x0000000081600000,0x0000000082454858,0x0000000086600000)
 Metaspace       used 33333K, capacity 35272K, committed 35416K, reserved 1079296K
  class space    used 4356K, capacity 4710K, committed 4736K, reserved 1048576K
}

Deoptimization events (10 events):
Event: 13.742 Thread 0x000000001d516000 Uncommon trap: reason=bimorphic action=maybe_recompile pc=0x0000000002d4104c method=java.lang.ClassLoader.loadClass(Ljava/lang/String;Z)Ljava/lang/Class; @ 70
Event: 14.096 Thread 0x000000001d516000 Uncommon trap: reason=bimorphic action=maybe_recompile pc=0x0000000002d4104c method=java.lang.ClassLoader.loadClass(Ljava/lang/String;Z)Ljava/lang/Class; @ 70
Event: 14.210 Thread 0x000000001d516000 Uncommon trap: reason=unstable_if action=reinterpret pc=0x000000000292aa7c method=java.net.URI.match(CJJ)Z @ 45
Event: 14.219 Thread 0x000000001d516000 Uncommon trap: reason=unstable_if action=reinterpret pc=0x000000000302afa8 method=java.util.Properties.load0(Ljava/util/Properties$LineReader;)V @ 161
Event: 14.221 Thread 0x000000001d516000 Uncommon trap: reason=unstable_if action=reinterpret pc=0x000000000301feac method=java.util.Properties$LineReader.readLine()I @ 271
Event: 14.633 Thread 0x000000001d516000 Uncommon trap: reason=unstable_if action=reinterpret pc=0x00000000030656d4 method=sun.misc.ASCIICaseInsensitiveComparator.compare(Ljava/lang/String;Ljava/lang/String;)I @ 83
Event: 14.750 Thread 0x000000001d516000 Uncommon trap: reason=unstable_if action=reinterpret pc=0x00000000027c5990 method=java.lang.Class.arrayContentsEq([Ljava/lang/Object;[Ljava/lang/Object;)Z @ 1
Event: 14.752 Thread 0x000000001d516000 Uncommon trap: reason=unstable_if action=reinterpret pc=0x0000000003029050 method=java.util.Properties.load0(Ljava/util/Properties$LineReader;)V @ 115
Event: 16.567 Thread 0x000000001d516000 Uncommon trap: reason=bimorphic action=maybe_recompile pc=0x0000000002d4104c method=java.lang.ClassLoader.loadClass(Ljava/lang/String;Z)Ljava/lang/Class; @ 70
Event: 23.598 Thread 0x000000001d516000 Uncommon trap: reason=unstable_if action=reinterpret pc=0x0000000002ef5310 method=org.springframework.beans.factory.support.AbstractAutowireCapableBeanFactory.determineTargetType(Ljava/lang/String;Lorg/springframework/beans/factory/support/RootBeanDefinit

Internal exceptions (10 events):
Event: 5.416 Thread 0x0000000019913800 Exception <a 'java/lang/ClassNotFoundException': org/springframework/beans/factory/AwareCustomizer> (0x00000000d9230958) thrown at [C:\re\workspace\8-2-build-windows-amd64-cygwin\jdk8u111\7883\hotspot\src\share\vm\classfile\systemDictionary.cpp, line 210]
Event: 5.416 Thread 0x0000000019913800 Implicit null exception at 0x0000000002ead20c to 0x0000000002ead381
Event: 5.862 Thread 0x0000000019913800 Implicit null exception at 0x0000000002e807d3 to 0x0000000002e8094d
Event: 6.158 Thread 0x0000000019913800 Exception <a 'java/lang/IncompatibleClassChangeError': Found class java.lang.Object, but interface was expected> (0x00000000d9ac4ea8) thrown at [C:\re\workspace\8-2-build-windows-amd64-cygwin\jdk8u111\7883\hotspot\src\share\vm\interpreter\linkResolver.cpp
Event: 6.169 Thread 0x0000000019913800 Exception <a 'java/lang/NoSuchMethodError': java.lang.Object.lambda$and$0(Ljava/util/function/Predicate;Ljava/lang/Object;)Z> (0x00000000d9b08da0) thrown at [C:\re\workspace\8-2-build-windows-amd64-cygwin\jdk8u111\7883\hotspot\src\share\vm\interpreter\lin
Event: 11.344 Thread 0x0000000019913800 Exception <a 'java/io/FileNotFoundException'> (0x00000000d7901130) thrown at [C:\re\workspace\8-2-build-windows-amd64-cygwin\jdk8u111\7883\hotspot\src\share\vm\prims\jni.cpp, line 709]
Event: 11.493 Thread 0x0000000019913800 Exception <a 'java/io/FileNotFoundException'> (0x00000000d7ccc580) thrown at [C:\re\workspace\8-2-build-windows-amd64-cygwin\jdk8u111\7883\hotspot\src\share\vm\prims\jni.cpp, line 709]
Event: 11.611 Thread 0x0000000019913800 Exception <a 'java/lang/NoSuchMethodError': java.lang.Object.lambda$static$0(Ljava/lang/Object;)Ljava/lang/Object;> (0x00000000d7f63188) thrown at [C:\re\workspace\8-2-build-windows-amd64-cygwin\jdk8u111\7883\hotspot\src\share\vm\interpreter\linkResolver.
Event: 11.643 Thread 0x0000000019913800 Implicit null exception at 0x00000000028eba19 to 0x00000000028ebdbd
Event: 14.750 Thread 0x000000001d516000 Implicit null exception at 0x00000000027c56e8 to 0x00000000027c5965

Events (10 events):
Event: 23.618 Executing VM operation: RevokeBias done
Event: 23.618 Executing VM operation: RevokeBias
Event: 23.618 Executing VM operation: RevokeBias done
Event: 23.618 Executing VM operation: RevokeBias
Event: 23.618 Executing VM operation: RevokeBias done
Event: 23.618 Executing VM operation: RevokeBias
Event: 23.619 Executing VM operation: RevokeBias done
Event: 23.619 Executing VM operation: RevokeBias
Event: 23.619 Executing VM operation: RevokeBias done
Event: 23.619 Executing VM operation: RevokeBias


Dynamic libraries:
0x00007ff67a610000 - 0x00007ff67a647000 	C:\Program Files\Java\jdk1.8.0_111\bin\javaw.exe
0x00007ffc45ec0000 - 0x00007ffc4606a000 	C:\Windows\SYSTEM32\ntdll.dll
0x00007ffc452e0000 - 0x00007ffc4541a000 	C:\Windows\system32\KERNEL32.DLL
0x00007ffc435e0000 - 0x00007ffc436ef000 	C:\Windows\system32\KERNELBASE.dll
0x00007ffc41e60000 - 0x00007ffc41ee8000 	C:\Windows\system32\apphelp.dll
0x00007ffc39f90000 - 0x00007ffc39fdf000 	C:\Windows\AppPatch\AppPatch64\AcGenral.DLL
0x00007ffc45e10000 - 0x00007ffc45eb7000 	C:\Windows\system32\msvcrt.dll
0x00007ffc430e0000 - 0x00007ffc4310b000 	C:\Windows\SYSTEM32\SspiCli.dll
0x00007ffc456f0000 - 0x00007ffc45741000 	C:\Windows\system32\SHLWAPI.dll
0x00007ffc44f20000 - 0x00007ffc45091000 	C:\Windows\system32\USER32.dll
0x00007ffc45930000 - 0x00007ffc45aa8000 	C:\Windows\system32\ole32.dll
0x00007ffc437b0000 - 0x00007ffc44bc7000 	C:\Windows\system32\SHELL32.dll
0x00007ffc428c0000 - 0x00007ffc428de000 	C:\Windows\SYSTEM32\USERENV.dll
0x00007ffc44bd0000 - 0x00007ffc44c75000 	C:\Windows\system32\ADVAPI32.dll
0x00007ffc3b860000 - 0x00007ffc3b87b000 	C:\Windows\SYSTEM32\MPR.dll
0x00007ffc454f0000 - 0x00007ffc45626000 	C:\Windows\system32\RPCRT4.dll
0x00007ffc45280000 - 0x00007ffc452d7000 	C:\Windows\SYSTEM32\sechost.dll
0x00007ffc450a0000 - 0x00007ffc45276000 	C:\Windows\SYSTEM32\combase.dll
0x00007ffc45ac0000 - 0x00007ffc45c05000 	C:\Windows\system32\GDI32.dll
0x00007ffc43230000 - 0x00007ffc43244000 	C:\Windows\SYSTEM32\profapi.dll
0x00007ffc41890000 - 0x00007ffc4192f000 	C:\Windows\SYSTEM32\SHCORE.dll
0x00007ffc44ee0000 - 0x00007ffc44f14000 	C:\Windows\system32\IMM32.DLL
0x00007ffc44d00000 - 0x00007ffc44e39000 	C:\Windows\system32\MSCTF.dll
0x00007ffc40720000 - 0x00007ffc4097a000 	C:\Windows\WinSxS\amd64_microsoft.windows.common-controls_6595b64144ccf1df_6.0.9600.17031_none_6242a4b3ecbb55a1\COMCTL32.dll
0x0000000050690000 - 0x0000000050762000 	C:\Program Files\Java\jdk1.8.0_111\jre\bin\msvcr100.dll
0x0000000077760000 - 0x0000000077ffa000 	C:\Program Files\Java\jdk1.8.0_111\jre\bin\server\jvm.dll
0x00007ffc41670000 - 0x00007ffc41679000 	C:\Windows\SYSTEM32\WSOCK32.dll
0x00007ffc3c1e0000 - 0x00007ffc3c1ff000 	C:\Windows\SYSTEM32\WINMM.dll
0x00007ffc3aad0000 - 0x00007ffc3aada000 	C:\Windows\SYSTEM32\VERSION.dll
0x00007ffc45ab0000 - 0x00007ffc45ab7000 	C:\Windows\system32\PSAPI.DLL
0x00007ffc45db0000 - 0x00007ffc45e08000 	C:\Windows\system32\WS2_32.dll
0x00007ffc3b2e0000 - 0x00007ffc3b30a000 	C:\Windows\SYSTEM32\WINMMBASE.dll
0x00007ffc45630000 - 0x00007ffc45639000 	C:\Windows\system32\NSI.dll
0x00007ffc436f0000 - 0x00007ffc4373a000 	C:\Windows\SYSTEM32\cfgmgr32.dll
0x00007ffc420b0000 - 0x00007ffc420d6000 	C:\Windows\SYSTEM32\DEVOBJ.dll
0x0000000050680000 - 0x000000005068f000 	C:\Program Files\Java\jdk1.8.0_111\jre\bin\verify.dll
0x0000000050650000 - 0x0000000050679000 	C:\Program Files\Java\jdk1.8.0_111\jre\bin\java.dll
0x0000000050630000 - 0x0000000050646000 	C:\Program Files\Java\jdk1.8.0_111\jre\bin\zip.dll
0x00000000501b0000 - 0x00000000501bd000 	C:\Program Files\Java\jdk1.8.0_111\jre\bin\management.dll
0x0000000050610000 - 0x000000005062a000 	C:\Program Files\Java\jdk1.8.0_111\jre\bin\net.dll
0x00007ffc42b60000 - 0x00007ffc42bb8000 	C:\Windows\system32\mswsock.dll
0x00007ffc2d0f0000 - 0x00007ffc2d104000 	C:\Windows\system32\napinsp.dll
0x00007ffc2d0d0000 - 0x00007ffc2d0e9000 	C:\Windows\system32\pnrpnsp.dll
0x00007ffc3f150000 - 0x00007ffc3f169000 	C:\Windows\system32\NLAapi.dll
0x00007ffc42970000 - 0x00007ffc42a13000 	C:\Windows\SYSTEM32\DNSAPI.dll
0x00007ffc2d0c0000 - 0x00007ffc2d0cc000 	C:\Windows\System32\winrnr.dll
0x00007ffc2d0a0000 - 0x00007ffc2d0b3000 	C:\Windows\system32\wshbth.dll
0x00007ffc3a110000 - 0x00007ffc3a119000 	C:\Windows\System32\rasadhlp.dll
0x00007ffc3eaa0000 - 0x00007ffc3eac9000 	C:\Windows\SYSTEM32\IPHLPAPI.DLL
0x00007ffc3ea70000 - 0x00007ffc3ea7a000 	C:\Windows\SYSTEM32\WINNSI.DLL
0x00007ffc3e570000 - 0x00007ffc3e5d8000 	C:\Windows\System32\fwpuclnt.dll
0x00000000505f0000 - 0x0000000050601000 	C:\Program Files\Java\jdk1.8.0_111\jre\bin\nio.dll
0x00007ffc42bc0000 - 0x00007ffc42bde000 	C:\Windows\SYSTEM32\CRYPTSP.dll
0x00007ffc427b0000 - 0x00007ffc427e5000 	C:\Windows\system32\rsaenh.dll
0x00007ffc42df0000 - 0x00007ffc42e16000 	C:\Windows\SYSTEM32\bcrypt.dll
0x00007ffc43110000 - 0x00007ffc43170000 	C:\Windows\system32\bcryptprimitives.dll
0x00007ffc43170000 - 0x00007ffc4317a000 	C:\Windows\SYSTEM32\CRYPTBASE.dll
0x00007ffc3e260000 - 0x00007ffc3e274000 	C:\Windows\SYSTEM32\dhcpcsvc6.DLL
0x00007ffc3e740000 - 0x00007ffc3e759000 	C:\Windows\SYSTEM32\dhcpcsvc.DLL

VM Arguments:
jvm_args: -Dfile.encoding=UTF-8 
java_command: com.example.JPAAuditingDemo.JpaAuditingDemoApplication
java_class_path (initial): C:\Users\Vinita\Downloads\JPAAuditingDemo\JPAAuditingDemo\target\classes;C:\Users\Vinita\.m2\repository\org\springframework\boot\spring-boot-starter-data-jpa\2.3.0.RELEASE\spring-boot-starter-data-jpa-2.3.0.RELEASE.jar;C:\Users\Vinita\.m2\repository\org\springframework\boot\spring-boot-starter-aop\2.3.0.RELEASE\spring-boot-starter-aop-2.3.0.RELEASE.jar;C:\Users\Vinita\.m2\repository\org\springframework\spring-aop\5.2.6.RELEASE\spring-aop-5.2.6.RELEASE.jar;C:\Users\Vinita\.m2\repository\org\aspectj\aspectjweaver\1.9.5\aspectjweaver-1.9.5.jar;C:\Users\Vinita\.m2\repository\org\springframework\boot\spring-boot-starter-jdbc\2.3.0.RELEASE\spring-boot-starter-jdbc-2.3.0.RELEASE.jar;C:\Users\Vinita\.m2\repository\com\zaxxer\HikariCP\3.4.5\HikariCP-3.4.5.jar;C:\Users\Vinita\.m2\repository\org\springframework\spring-jdbc\5.2.6.RELEASE\spring-jdbc-5.2.6.RELEASE.jar;C:\Users\Vinita\.m2\repository\jakarta\transaction\jakarta.transaction-api\1.3.3\jakarta.transaction-api-1.3.3.jar;C:\Users\Vinita\.m2\repository\jakarta\persistence\jakarta.persistence-api\2.2.3\jakarta.persistence-api-2.2.3.jar;C:\Users\Vinita\.m2\repository\org\hibernate\hibernate-core\5.4.15.Final\hibernate-core-5.4.15.Final.jar;C:\Users\Vinita\.m2\repository\org\jboss\logging\jboss-logging\3.4.1.Final\jboss-logging-3.4.1.Final.jar;C:\Users\Vinita\.m2\repository\org\javassist\javassist\3.24.0-GA\javassist-3.24.0-GA.jar;C:\Users\Vinita\.m2\repository\net\bytebuddy\byte-buddy\1.10.10\byte-buddy-1.10.10.jar;C:\Users\Vinita\.m2\repository\antlr\antlr\2.7.7\antlr-2.7.7.jar;C:\Users\Vinita\.m2\repository\org\jboss\jandex\2.1.3.Final\jandex-2.1.3.Final.jar;C:\Users\Vinita\.m2\repository\com\fasterxml\classmate\1.5.1\classmate-1.5.1.jar;C:\Users\Vinita\.m2\repository\org\dom4j\dom4j\2.1.3\dom4j-2.1.3.jar;C:\Users\Vinita\.m2\repository\org\hibernate\common\hibernate-commons-annotations\5.1.0.Final\hibernate-commons-annotations-5.1.0.Final.jar;C:\Users\Vinita\.m2\repository\org\glassfish\jaxb
Launcher Type: SUN_STANDARD

Environment Variables:
JAVA_HOME=C:\Program Files\Java\jdk1.8.0_111
JRE_HOME=C:\Program Files\Java\jre1.8.0_111
CLASSPATH=C:\Program Files\Java\jre1.8.0_111\bin
PATH=C:\Program Files\Java\jdk1.8.0_111\bin;C:\Users\Vinita\Desktop\Tomcat 9\bin;C:\Program Files\nodejs\;C:\Program Files\Git\cmd;C:\Program Files\Microsoft VS Code\bin;C:\Program Files\apache-maven-3.5.2-bin\apache-maven-3.5.2\bin;C:\Program Files\Microsoft VS Code\bin;C:\Program Files\apache-maven-3.5.2-bin\apache-maven-3.5.2;C:\Program Files\nodejs;C:\Users\Vinita\Desktop\Tomcat 9\bin;C:\Users\Vinita\AppData\Roaming\npm;C:\Program Files\JetBrains\IntelliJ IDEA Community Edition 2019.1.1\bin;
USERNAME=Vinita
OS=Windows_NT
PROCESSOR_IDENTIFIER=Intel64 Family 6 Model 69 Stepping 1, GenuineIntel



---------------  S Y S T E M  ---------------

OS: Windows 8.1 , 64 bit Build 9600 (6.3.9600.17056)

CPU:total 4 (2 cores per cpu, 2 threads per core) family 6 model 69 stepping 1, cmov, cx8, fxsr, mmx, sse, sse2, sse3, ssse3, sse4.1, sse4.2, popcnt, avx, avx2, aes, clmul, erms, lzcnt, ht, tsc, tscinvbit, bmi1, bmi2

Memory: 4k page, physical 8290332k(1049028k free), swap 11436060k(3588k free)

vm_info: Java HotSpot(TM) 64-Bit Server VM (25.111-b14) for windows-amd64 JRE (1.8.0_111-b14), built on Sep 22 2016 19:24:05 by "java_re" with MS VC++ 10.0 (VS2010)

time: Sun May 24 15:50:03 2020
elapsed time: 24 seconds (0d 0h 0m 24s)

